


ARM Macro Assembler    Page 1 


    1 00000000         
    2 00000000                 area             tcd,code,readonly
    3 00000000                 export           __main
    4 00000000         
    5 00000000         __main
    6 00000000 E59F20B0        ldr              r2, =totals
    7 00000004         
    8 00000004 E3A00005        mov              r0, #5      ; input of 5
    9 00000008 EB00000E        bl               fact
   10 0000000C E5820000        str              r0, [r2]
   11 00000010 E5821004        str              r1, [r2, #4]
   12 00000014         
   13 00000014 E3A0000E        mov              r0, #14
   14 00000018 EB00000A        bl               fact
   15 0000001C E5820008        str              r0, [r2, #8]
   16 00000020 E582100C        str              r1, [r2, #12]
   17 00000024         
   18 00000024 E3A00014        mov              r0, #20
   19 00000028 EB000006        bl               fact
   20 0000002C E5820010        str              r0, [r2, #16]
   21 00000030 E5821014        str              r1, [r2, #20]
   22 00000034         
   23 00000034 E3A0001E        mov              r0, #30
   24 00000038 EB000002        bl               fact
   25 0000003C E5820018        str              r0, [r2, #24]
   26 00000040 E582101C        str              r1, [r2, #28]
   27 00000044         
   28 00000044 EAFFFFFE 
                       stop    B                stop
   29 00000048         
   30 00000048         ; Factorial Subroutine
   31 00000048         ; R0 in - 32bit factorial in
   32 00000048         ; r0 out- MSB 32bit output
   33 00000048         ; r1 out- LSB 32bit output
   34 00000048         
   35 00000048         fact
   36 00000048 E92D5FFC        stmfd            sp!,{r2-r12,lr}
   37 0000004C         
   38 0000004C E3500001        cmp              r0, #1
   39 00000050 DA00000C        ble              endfact
   40 00000054         
   41 00000054         ;cmp r0, #21
   42 00000054         ;bge errorfact
   43 00000054         
   44 00000054 E1A04000        mov              r4, r0
   45 00000058 E2400001        sub              r0, r0, #1
   46 0000005C EBFFFFF9        bl               fact
   47 00000060 E3A05000        mov              r5, #0
   48 00000064 E1A03000        mov              r3, r0
   49 00000068 E1A02001        mov              r2, r1
   50 0000006C         
   51 0000006C E0861492        umull            r1, r6, r2, r4
   52 00000070 E0887493        umull            r7, r8, r3, r4
   53 00000074 E0854592        umull            r4, r5, r2, r5
   54 00000078 E0972004        adds             r2, r7, r4
   55 0000007C         ;BHS errorfact
   56 0000007C E0B20006        adcs             r0, r2, r6
   57 00000080         
   58 00000080 E8BD5FFC        ldmfd            sp!,{r2-r12,lr}



ARM Macro Assembler    Page 2 


   59 00000084 E12FFF1E        bx               lr
   60 00000088         endfact
   61 00000088 E3A00000        mov              R0, #0
   62 0000008C E3A01001        mov              R1, #1
   63 00000090         
   64 00000090 E8BD5FFC        ldmfd            sp!, {r2-r12,lr}
   65 00000094 E12FFF1E        bx               lr
   66 00000098         errorfact
   67 00000098 E10F0000        mrs              r0, cpsr
   68 0000009C E3A01201        ldr              r1, =0x10000000
   69 000000A0 E1800001        orr              r0, r1
   70 000000A4 E128F000        msr              cpsr_f, r0
   71 000000A8 E3A00000        ldr              r0, =0
   72 000000AC E3A01000        ldr              r1, =0
   73 000000B0         
   74 000000B0 E8BD5FFC        ldmfd            sp!, {r2-r12,lr}
   75 000000B4 E12FFF1E        bx               lr
   76 000000B8         
   77 000000B8 00000000        area             tcddata, data, readwrite
   78 00000000 00 00 00 
              00 00 00 
              00 00 00 
              00 00 00 
              00 00 00 
              00 00 00 
              00 00 00 
              00 00 00 
              00 00 00 
              00 00 00 
              00 00    totals  space            32
   79 00000020         
   80 00000020                 end
Command Line: --debug --xref --diag_suppress=9931 --apcs=interwork --depend=.\o
bjects\lab1.d -o.\objects\lab1.o -IC:\Keil_v5\ARM\RV31\INC -IC:\Keil_v5\ARM\CMS
IS\Include -IC:\Keil_v5\ARM\INC\Philips --predefine="__EVAL SETA 1" --predefine
="__UVISION_VERSION SETA 526" --list=.\listings\lab1.lst lab1.s



ARM Macro Assembler    Page 1 Alphabetic symbol ordering
Relocatable symbols

__main 00000000

Symbol: __main
   Definitions
      At line 5 in file lab1.s
   Uses
      At line 3 in file lab1.s
Comment: __main used once
endfact 00000088

Symbol: endfact
   Definitions
      At line 60 in file lab1.s
   Uses
      At line 39 in file lab1.s
Comment: endfact used once
errorfact 00000098

Symbol: errorfact
   Definitions
      At line 66 in file lab1.s
   Uses
      None
Comment: errorfact unused
fact 00000048

Symbol: fact
   Definitions
      At line 35 in file lab1.s
   Uses
      At line 9 in file lab1.s
      At line 14 in file lab1.s
      At line 19 in file lab1.s
      At line 24 in file lab1.s
      At line 46 in file lab1.s

stop 00000044

Symbol: stop
   Definitions
      At line 28 in file lab1.s
   Uses
      At line 28 in file lab1.s
Comment: stop used once
tcd 00000000

Symbol: tcd
   Definitions
      At line 2 in file lab1.s
   Uses
      None
Comment: tcd unused
6 symbols



ARM Macro Assembler    Page 1 Alphabetic symbol ordering
Relocatable symbols

tcddata 00000000

Symbol: tcddata
   Definitions
      At line 77 in file lab1.s
   Uses
      None
Comment: tcddata unused
totals 00000000

Symbol: totals
   Definitions
      At line 78 in file lab1.s
   Uses
      At line 6 in file lab1.s
Comment: totals used once
2 symbols
342 symbols in table
